<?xml version="1.0" encoding="UTF-8"?>
<testng-results skipped="0" failed="0" ignored="0" total="1" passed="1">
  <reporter-output>
  </reporter-output>
  <suite name="Default suite" duration-ms="16028" started-at="2019-07-02T05:58:14Z" finished-at="2019-07-02T05:58:30Z">
    <groups>
    </groups>
    <test name="Default test" duration-ms="16028" started-at="2019-07-02T05:58:14Z" finished-at="2019-07-02T05:58:30Z">
      <class name="com.training.sanity.tests.ChangeTests">
        <test-method status="PASS" signature="setUpBeforeClass()[pri:0, instance:com.training.sanity.tests.ChangeTests@51565ec2]" name="setUpBeforeClass" is-config="true" duration-ms="0" started-at="2019-07-02T11:28:14Z" finished-at="2019-07-02T11:28:14Z">
          <reporter-output>
          </reporter-output>
        </test-method> <!-- setUpBeforeClass -->
        <test-method status="PASS" signature="setUp()[pri:0, instance:com.training.sanity.tests.ChangeTests@51565ec2]" name="setUp" is-config="true" duration-ms="9775" started-at="2019-07-02T11:28:14Z" finished-at="2019-07-02T11:28:24Z">
          <reporter-output>
          </reporter-output>
        </test-method> <!-- setUp -->
        <test-method status="PASS" signature="validChangeTest()[pri:0, instance:com.training.sanity.tests.ChangeTests@51565ec2]" name="validChangeTest" duration-ms="5219" started-at="2019-07-02T11:28:24Z" finished-at="2019-07-02T11:28:29Z">
          <reporter-output>
          </reporter-output>
        </test-method> <!-- validChangeTest -->
        <test-method status="PASS" signature="tearDown()[pri:0, instance:com.training.sanity.tests.ChangeTests@51565ec2]" name="tearDown" is-config="true" duration-ms="1001" started-at="2019-07-02T11:28:29Z" finished-at="2019-07-02T11:28:30Z">
          <reporter-output>
          </reporter-output>
        </test-method> <!-- tearDown -->
      </class> <!-- com.training.sanity.tests.ChangeTests -->
    </test> <!-- Default test -->
  </suite> <!-- Default suite -->
</testng-results>
